<?xml version="1.0" encoding="UTF-8"?>
<!-- Generated by org.testng.reporters.JUnitReportReporter -->
<testsuite hostname="DESKTOP-37CCC2I" failures="0" tests="2" name="testCases.TC001_AccountRegistrationTest" time="6.856" errors="0" timestamp="2025-09-09T19:13:45 IST" skipped="0">
  <testcase classname="testCases.TC001_AccountRegistrationTest" name="verify_account_registration" time="4.000"/>
  <testcase classname="testCases.TC001_AccountRegistrationTest" name="verify_account_registration" time="2.856"/>
</testsuite> <!-- testCases.TC001_AccountRegistrationTest -->
