<?xml version="1.0" encoding="UTF-8"?>
<!-- Generated by org.testng.reporters.JUnitReportReporter -->
<testsuite hostname="DESKTOP-37CCC2I" failures="0" tests="2" name="testCases.TC002_LoginTest" time="9.195" errors="0" timestamp="2025-09-09T19:13:45 IST" skipped="0">
  <testcase classname="testCases.TC002_LoginTest" name="verifyLogin" time="4.791"/>
  <testcase classname="testCases.TC002_LoginTest" name="verifyLogin" time="4.404"/>
</testsuite> <!-- testCases.TC002_LoginTest -->
