<?xml version="1.0" encoding="UTF-8"?>
<!-- Generated by org.testng.reporters.JUnitReportReporter -->
<testsuite hostname="DESKTOP-37CCC2I" failures="0" tests="1" name="testCases.TC002_LoginTest" time="4.845" errors="0" timestamp="2025-09-10T12:30:47 IST" skipped="0">
  <testcase classname="testCases.TC002_LoginTest" name="verifyLogin" time="4.845"/>
</testsuite> <!-- testCases.TC002_LoginTest -->
